# JRE version: OpenJDK Runtime Environment (8.0_242-b01) (build 1.8.0_242-release-1644-b01)
# Java VM: OpenJDK 64-Bit Server VM (25.242-b01 mixed mode windows-amd64 compressed oops)
Heap:
 PSYoungGen      total 346624K, used 232490K [0x00000000e0000000, 0x0000000100000000, 0x0000000100000000)
  eden space 175104K, 61% used [0x00000000e0000000,0x00000000e6936108,0x00000000eab00000)
  from space 171520K, 72% used [0x00000000f5880000,0x00000000fd254848,0x0000000100000000)
  to   space 174592K, 0% used [0x00000000eab00000,0x00000000eab00000,0x00000000f5580000)
 ParOldGen       total 541696K, used 308562K [0x00000000a0000000, 0x00000000c1100000, 0x00000000e0000000)
  object space 541696K, 56% used [0x00000000a0000000,0x00000000b2d54ab0,0x00000000c1100000)
 Metaspace       used 203362K, capacity 211096K, committed 211328K, reserved 1234944K
  class space    used 24327K, capacity 25940K, committed 25984K, reserved 1048576K
GC Heap History (10 events):
Event: 2252.713 GC heap before
{Heap before GC invocations=77 (full 7):
 PSYoungGen      total 433152K, used 433140K [0x00000000e0000000, 0x0000000100000000, 0x0000000100000000)
  eden space 352768K, 100% used [0x00000000e0000000,0x00000000f5880000,0x00000000f5880000)
  from space 80384K, 99% used [0x00000000f5880000,0x00000000fa6fd020,0x00000000fa700000)
  to   space 91136K, 0% used [0x00000000fa700000,0x00000000fa700000,0x0000000100000000)
 ParOldGen       total 541696K, used 182036K [0x00000000a0000000, 0x00000000c1100000, 0x00000000e0000000)
  object space 541696K, 33% used [0x00000000a0000000,0x00000000ab1c5000,0x00000000c1100000)
 Metaspace       used 197009K, capacity 204694K, committed 205056K, reserved 1228800K
  class space    used 23667K, capacity 25257K, committed 25344K, reserved 1048576K
Event: 2252.810 GC heap after
Heap after GC invocations=77 (full 7):
 PSYoungGen      total 363520K, used 91117K [0x00000000e0000000, 0x0000000100000000, 0x0000000100000000)
  eden space 272384K, 0% used [0x00000000e0000000,0x00000000e0000000,0x00000000f0a00000)
  from space 91136K, 99% used [0x00000000fa700000,0x00000000ffffb7a8,0x0000000100000000)
  to   space 125952K, 0% used [0x00000000f0a00000,0x00000000f0a00000,0x00000000f8500000)
 ParOldGen       total 541696K, used 224446K [0x00000000a0000000, 0x00000000c1100000, 0x00000000e0000000)
  object space 541696K, 41% used [0x00000000a0000000,0x00000000adb2faf8,0x00000000c1100000)
 Metaspace       used 197009K, capacity 204694K, committed 205056K, reserved 1228800K
  class space    used 23667K, capacity 25257K, committed 25344K, reserved 1048576K
}
Event: 2254.888 GC heap before
{Heap before GC invocations=78 (full 7):
 PSYoungGen      total 363520K, used 363501K [0x00000000e0000000, 0x0000000100000000, 0x0000000100000000)
  eden space 272384K, 100% used [0x00000000e0000000,0x00000000f0a00000,0x00000000f0a00000)
  from space 91136K, 99% used [0x00000000fa700000,0x00000000ffffb7a8,0x0000000100000000)
  to   space 125952K, 0% used [0x00000000f0a00000,0x00000000f0a00000,0x00000000f8500000)
 ParOldGen       total 541696K, used 224446K [0x00000000a0000000, 0x00000000c1100000, 0x00000000e0000000)
  object space 541696K, 41% used [0x00000000a0000000,0x00000000adb2faf8,0x00000000c1100000)
 Metaspace       used 200613K, capacity 208324K, committed 208768K, reserved 1232896K
  class space    used 24057K, capacity 25664K, committed 25728K, reserved 1048576K
Event: 2254.961 GC heap after
Heap after GC invocations=78 (full 7):
 PSYoungGen      total 372736K, used 100244K [0x00000000e0000000, 0x0000000100000000, 0x0000000100000000)
  eden space 272384K, 0% used [0x00000000e0000000,0x00000000e0000000,0x00000000f0a00000)
  from space 100352K, 99% used [0x00000000f0a00000,0x00000000f6be5390,0x00000000f6c00000)
  to   space 137216K, 0% used [0x00000000f7a00000,0x00000000f7a00000,0x0000000100000000)
 ParOldGen       total 541696K, used 224510K [0x00000000a0000000, 0x00000000c1100000, 0x00000000e0000000)
  object space 541696K, 41% used [0x00000000a0000000,0x00000000adb3fb08,0x00000000c1100000)
 Metaspace       used 200613K, capacity 208324K, committed 208768K, reserved 1232896K
  class space    used 24057K, capacity 25664K, committed 25728K, reserved 1048576K
}
Event: 2256.342 GC heap before
{Heap before GC invocations=79 (full 7):
 PSYoungGen      total 372736K, used 372628K [0x00000000e0000000, 0x0000000100000000, 0x0000000100000000)
  eden space 272384K, 100% used [0x00000000e0000000,0x00000000f0a00000,0x00000000f0a00000)
  from space 100352K, 99% used [0x00000000f0a00000,0x00000000f6be5390,0x00000000f6c00000)
  to   space 137216K, 0% used [0x00000000f7a00000,0x00000000f7a00000,0x0000000100000000)
 ParOldGen       total 541696K, used 224510K [0x00000000a0000000, 0x00000000c1100000, 0x00000000e0000000)
  object space 541696K, 41% used [0x00000000a0000000,0x00000000adb3fb08,0x00000000c1100000)
 Metaspace       used 202573K, capacity 210314K, committed 210560K, reserved 1234944K
  class space    used 24266K, capacity 25899K, committed 25984K, reserved 1048576K
Event: 2256.417 GC heap after
Heap after GC invocations=79 (full 7):
 PSYoungGen      total 318464K, used 137212K [0x00000000e0000000, 0x0000000100000000, 0x0000000100000000)
  eden space 181248K, 0% used [0x00000000e0000000,0x00000000e0000000,0x00000000eb100000)
  from space 137216K, 99% used [0x00000000f7a00000,0x00000000fffff300,0x0000000100000000)
  to   space 171520K, 0% used [0x00000000eb100000,0x00000000eb100000,0x00000000f5880000)
 ParOldGen       total 541696K, used 256660K [0x00000000a0000000, 0x00000000c1100000, 0x00000000e0000000)
  object space 541696K, 47% used [0x00000000a0000000,0x00000000afaa5040,0x00000000c1100000)
 Metaspace       used 202573K, capacity 210314K, committed 210560K, reserved 1234944K
  class space    used 24266K, capacity 25899K, committed 25984K, reserved 1048576K
}
Event: 2256.742 GC heap before
{Heap before GC invocations=80 (full 7):
 PSYoungGen      total 318464K, used 318460K [0x00000000e0000000, 0x0000000100000000, 0x0000000100000000)
  eden space 181248K, 100% used [0x00000000e0000000,0x00000000eb100000,0x00000000eb100000)
  from space 137216K, 99% used [0x00000000f7a00000,0x00000000fffff300,0x0000000100000000)
  to   space 171520K, 0% used [0x00000000eb100000,0x00000000eb100000,0x00000000f5880000)
 ParOldGen       total 541696K, used 256660K [0x00000000a0000000, 0x00000000c1100000, 0x00000000e0000000)
  object space 541696K, 47% used [0x00000000a0000000,0x00000000afaa5040,0x00000000c1100000)
 Metaspace       used 203299K, capacity 211084K, committed 211328K, reserved 1234944K
  class space    used 24324K, capacity 25938K, committed 25984K, reserved 1048576K
Event: 2256.878 GC heap after
Heap after GC invocations=80 (full 7):
 PSYoungGen      total 352768K, used 171516K [0x00000000e0000000, 0x0000000100000000, 0x0000000100000000)
  eden space 181248K, 0% used [0x00000000e0000000,0x00000000e0000000,0x00000000eb100000)
  from space 171520K, 99% used [0x00000000eb100000,0x00000000f587f3f8,0x00000000f5880000)
  to   space 171520K, 0% used [0x00000000f5880000,0x00000000f5880000,0x0000000100000000)
 ParOldGen       total 541696K, used 274659K [0x00000000a0000000, 0x00000000c1100000, 0x00000000e0000000)
  object space 541696K, 50% used [0x00000000a0000000,0x00000000b0c38e50,0x00000000c1100000)
 Metaspace       used 203299K, capacity 211084K, committed 211328K, reserved 1234944K
  class space    used 24324K, capacity 25938K, committed 25984K, reserved 1048576K
}
Event: 2258.081 GC heap before
{Heap before GC invocations=81 (full 7):
 PSYoungGen      total 352768K, used 352764K [0x00000000e0000000, 0x0000000100000000, 0x0000000100000000)
  eden space 181248K, 100% used [0x00000000e0000000,0x00000000eb100000,0x00000000eb100000)
  from space 171520K, 99% used [0x00000000eb100000,0x00000000f587f3f8,0x00000000f5880000)
  to   space 171520K, 0% used [0x00000000f5880000,0x00000000f5880000,0x0000000100000000)
 ParOldGen       total 541696K, used 274659K [0x00000000a0000000, 0x00000000c1100000, 0x00000000e0000000)
  object space 541696K, 50% used [0x00000000a0000000,0x00000000b0c38e50,0x00000000c1100000)
 Metaspace       used 203356K, capacity 211096K, committed 211328K, reserved 1234944K
  class space    used 24327K, capacity 25940K, committed 25984K, reserved 1048576K
Event: 2258.174 GC heap after
Heap after GC invocations=81 (full 7):
 PSYoungGen      total 346624K, used 124754K [0x00000000e0000000, 0x0000000100000000, 0x0000000100000000)
  eden space 175104K, 0% used [0x00000000e0000000,0x00000000e0000000,0x00000000eab00000)
  from space 171520K, 72% used [0x00000000f5880000,0x00000000fd254848,0x0000000100000000)
  to   space 174592K, 0% used [0x00000000eab00000,0x00000000eab00000,0x00000000f5580000)
 ParOldGen       total 541696K, used 308562K [0x00000000a0000000, 0x00000000c1100000, 0x00000000e0000000)
  object space 541696K, 56% used [0x00000000a0000000,0x00000000b2d54ab0,0x00000000c1100000)
 Metaspace       used 203356K, capacity 211096K, committed 211328K, reserved 1234944K
  class space    used 24327K, capacity 25940K, committed 25984K, reserved 1048576K
}

